  Actor.cpp
C:\Users\clare\source\repos\PacmanArtfx2023\PacmanArtfx2023\Actor.cpp(15,39): warning C4244: 'argument' : conversion de 'float' en 'int', perte possible de données
C:\Users\clare\source\repos\PacmanArtfx2023\PacmanArtfx2023\Actor.cpp(15,33): warning C4244: 'argument' : conversion de 'float' en 'int', perte possible de données
C:\Users\clare\source\repos\PacmanArtfx2023\PacmanArtfx2023\Actor.cpp(15,29): warning C4244: 'argument' : conversion de 'float' en 'int', perte possible de données
C:\Users\clare\source\repos\PacmanArtfx2023\PacmanArtfx2023\Actor.cpp(15,22): warning C4244: 'argument' : conversion de 'float' en 'int', perte possible de données
  Enemy.cpp
C:\Users\clare\source\repos\PacmanArtfx2023\PacmanArtfx2023\Player.h(10,5): error C2143: erreur de syntaxe : absence de ';' avant '*'
C:\Users\clare\source\repos\PacmanArtfx2023\PacmanArtfx2023\Player.h(10,5): error C4430: spécificateur de type manquant - int est pris en compte par défaut. Remarque : C++ ne prend pas en charge int par défaut
C:\Users\clare\source\repos\PacmanArtfx2023\PacmanArtfx2023\Player.h(10,8): error C2238: jetons inattendus avant ';'
C:\Users\clare\source\repos\PacmanArtfx2023\PacmanArtfx2023\Player.h(16,14): error C2065: 'Enemy' : identificateur non déclaré
C:\Users\clare\source\repos\PacmanArtfx2023\PacmanArtfx2023\Player.h(16,7): error C2923: 'std::vector' : 'Enemy' n'est pas un argument de type modèle valide pour le paramètre '_Ty'
C:\Users\clare\source\repos\PacmanArtfx2023\PacmanArtfx2023\Player.h(16): message : voir la déclaration de 'Enemy'
C:\Users\clare\source\repos\PacmanArtfx2023\PacmanArtfx2023\Player.h(16,7): error C2976: 'std::vector' : nombre d'arguments modèle insuffisant
C:\Program Files (x86)\Microsoft Visual Studio\2019\Community\VC\Tools\MSVC\14.29.30133\include\Vector(443): message : voir la déclaration de 'std::vector'
C:\Users\clare\source\repos\PacmanArtfx2023\PacmanArtfx2023\Player.h(16,21): error C2955: 'std::vector' : l'utilisation de classe modèle requiert une liste d'arguments modèle
C:\Program Files (x86)\Microsoft Visual Studio\2019\Community\VC\Tools\MSVC\14.29.30133\include\Vector(443): message : voir la déclaration de 'std::vector'
C:\Users\clare\source\repos\PacmanArtfx2023\PacmanArtfx2023\Player.h(21,9): error C2061: erreur de syntaxe : identificateur 'Map'
C:\Users\clare\source\repos\PacmanArtfx2023\PacmanArtfx2023\Player.h(28,30): error C2065: 'Enemy' : identificateur non déclaré
C:\Users\clare\source\repos\PacmanArtfx2023\PacmanArtfx2023\Player.h(28,36): error C2059: erreur de syntaxe : '>'
  Game.cpp
C:\Users\clare\source\repos\PacmanArtfx2023\PacmanArtfx2023\Player.h(10,5): error C2143: erreur de syntaxe : absence de ';' avant '*'
C:\Users\clare\source\repos\PacmanArtfx2023\PacmanArtfx2023\Player.h(10,5): error C4430: spécificateur de type manquant - int est pris en compte par défaut. Remarque : C++ ne prend pas en charge int par défaut
C:\Users\clare\source\repos\PacmanArtfx2023\PacmanArtfx2023\Player.h(10,8): error C2238: jetons inattendus avant ';'
C:\Users\clare\source\repos\PacmanArtfx2023\PacmanArtfx2023\Player.h(16,14): error C2065: 'Enemy' : identificateur non déclaré
C:\Users\clare\source\repos\PacmanArtfx2023\PacmanArtfx2023\Player.h(16,7): error C2923: 'std::vector' : 'Enemy' n'est pas un argument de type modèle valide pour le paramètre '_Ty'
C:\Users\clare\source\repos\PacmanArtfx2023\PacmanArtfx2023\Player.h(16): message : voir la déclaration de 'Enemy'
C:\Users\clare\source\repos\PacmanArtfx2023\PacmanArtfx2023\Player.h(16,7): error C2976: 'std::vector' : nombre d'arguments modèle insuffisant
C:\Program Files (x86)\Microsoft Visual Studio\2019\Community\VC\Tools\MSVC\14.29.30133\include\Vector(443): message : voir la déclaration de 'std::vector'
C:\Users\clare\source\repos\PacmanArtfx2023\PacmanArtfx2023\Player.h(16,21): error C2955: 'std::vector' : l'utilisation de classe modèle requiert une liste d'arguments modèle
C:\Program Files (x86)\Microsoft Visual Studio\2019\Community\VC\Tools\MSVC\14.29.30133\include\Vector(443): message : voir la déclaration de 'std::vector'
C:\Users\clare\source\repos\PacmanArtfx2023\PacmanArtfx2023\Player.h(21,9): error C2061: erreur de syntaxe : identificateur 'Map'
C:\Users\clare\source\repos\PacmanArtfx2023\PacmanArtfx2023\Player.h(28,30): error C2065: 'Enemy' : identificateur non déclaré
C:\Users\clare\source\repos\PacmanArtfx2023\PacmanArtfx2023\Player.h(28,36): error C2059: erreur de syntaxe : '>'
C:\Users\clare\source\repos\PacmanArtfx2023\PacmanArtfx2023\Enemy.h(11,5): error C2143: erreur de syntaxe : absence de ';' avant '*'
C:\Users\clare\source\repos\PacmanArtfx2023\PacmanArtfx2023\Enemy.h(11,5): error C4430: spécificateur de type manquant - int est pris en compte par défaut. Remarque : C++ ne prend pas en charge int par défaut
C:\Users\clare\source\repos\PacmanArtfx2023\PacmanArtfx2023\Enemy.h(11,8): error C2238: jetons inattendus avant ';'
C:\Users\clare\source\repos\PacmanArtfx2023\PacmanArtfx2023\Enemy.h(25,19): error C2061: erreur de syntaxe : identificateur 'Map'
C:\Users\clare\source\repos\PacmanArtfx2023\PacmanArtfx2023\Game.cpp(12,26): error C2664: 'Player::Player(const Player &)' : impossible de convertir l'argument 1 de 'Map *' en 'const Player &'
C:\Users\clare\source\repos\PacmanArtfx2023\PacmanArtfx2023\Game.cpp(12,26): message : Raison : impossible de convertir de 'Map *' en 'const Player'
C:\Users\clare\source\repos\PacmanArtfx2023\PacmanArtfx2023\Game.cpp(12,26): message : Aucun constructeur n'a pu prendre le type de source, ou la résolution de la surcharge du constructeur était ambiguë
C:\Users\clare\source\repos\PacmanArtfx2023\PacmanArtfx2023\Player.h(29,1): message : voir la déclaration de 'Player::Player'
C:\Users\clare\source\repos\PacmanArtfx2023\PacmanArtfx2023\Game.cpp(14,54): error C2661: 'Enemy::Enemy' : aucune fonction surchargée ne nécessite 3 arguments
C:\Users\clare\source\repos\PacmanArtfx2023\PacmanArtfx2023\Game.cpp(15,56): error C2661: 'Enemy::Enemy' : aucune fonction surchargée ne nécessite 3 arguments
C:\Users\clare\source\repos\PacmanArtfx2023\PacmanArtfx2023\Game.cpp(16,55): error C2661: 'Enemy::Enemy' : aucune fonction surchargée ne nécessite 3 arguments
C:\Users\clare\source\repos\PacmanArtfx2023\PacmanArtfx2023\Game.cpp(17,56): error C2661: 'Enemy::Enemy' : aucune fonction surchargée ne nécessite 3 arguments
C:\Users\clare\source\repos\PacmanArtfx2023\PacmanArtfx2023\Game.cpp(19,28): error C2664: 'void Player::setEnemies(unknown-type)' : impossible de convertir l'argument 1 de 'std::vector<Enemy *,std::allocator<Enemy *>>' en 'unknown-type'
C:\Users\clare\source\repos\PacmanArtfx2023\PacmanArtfx2023\Player.h(28,7): message : voir la déclaration de 'Player::setEnemies'
C:\Users\clare\source\repos\PacmanArtfx2023\PacmanArtfx2023\Game.cpp(21,20): warning C4018: '<' : incompatibilité signed/unsigned
C:\Users\clare\source\repos\PacmanArtfx2023\PacmanArtfx2023\Game.cpp(39,21): warning C4018: '<' : incompatibilité signed/unsigned
C:\Users\clare\source\repos\PacmanArtfx2023\PacmanArtfx2023\Game.cpp(65,20): warning C4018: '<' : incompatibilité signed/unsigned
  main.cpp
C:\Users\clare\source\repos\PacmanArtfx2023\PacmanArtfx2023\Player.h(10,5): error C2143: erreur de syntaxe : absence de ';' avant '*'
C:\Users\clare\source\repos\PacmanArtfx2023\PacmanArtfx2023\Player.h(10,5): error C4430: spécificateur de type manquant - int est pris en compte par défaut. Remarque : C++ ne prend pas en charge int par défaut
C:\Users\clare\source\repos\PacmanArtfx2023\PacmanArtfx2023\Player.h(10,8): error C2238: jetons inattendus avant ';'
C:\Users\clare\source\repos\PacmanArtfx2023\PacmanArtfx2023\Player.h(16,14): error C2065: 'Enemy' : identificateur non déclaré
C:\Users\clare\source\repos\PacmanArtfx2023\PacmanArtfx2023\Player.h(16,7): error C2923: 'std::vector' : 'Enemy' n'est pas un argument de type modèle valide pour le paramètre '_Ty'
C:\Users\clare\source\repos\PacmanArtfx2023\PacmanArtfx2023\Player.h(16): message : voir la déclaration de 'Enemy'
C:\Users\clare\source\repos\PacmanArtfx2023\PacmanArtfx2023\Player.h(16,7): error C2976: 'std::vector' : nombre d'arguments modèle insuffisant
C:\Program Files (x86)\Microsoft Visual Studio\2019\Community\VC\Tools\MSVC\14.29.30133\include\Vector(443): message : voir la déclaration de 'std::vector'
C:\Users\clare\source\repos\PacmanArtfx2023\PacmanArtfx2023\Player.h(16,21): error C2955: 'std::vector' : l'utilisation de classe modèle requiert une liste d'arguments modèle
C:\Program Files (x86)\Microsoft Visual Studio\2019\Community\VC\Tools\MSVC\14.29.30133\include\Vector(443): message : voir la déclaration de 'std::vector'
C:\Users\clare\source\repos\PacmanArtfx2023\PacmanArtfx2023\Player.h(21,9): error C2061: erreur de syntaxe : identificateur 'Map'
C:\Users\clare\source\repos\PacmanArtfx2023\PacmanArtfx2023\Player.h(28,30): error C2065: 'Enemy' : identificateur non déclaré
C:\Users\clare\source\repos\PacmanArtfx2023\PacmanArtfx2023\Player.h(28,36): error C2059: erreur de syntaxe : '>'
C:\Users\clare\source\repos\PacmanArtfx2023\PacmanArtfx2023\Enemy.h(11,5): error C2143: erreur de syntaxe : absence de ';' avant '*'
C:\Users\clare\source\repos\PacmanArtfx2023\PacmanArtfx2023\Enemy.h(11,5): error C4430: spécificateur de type manquant - int est pris en compte par défaut. Remarque : C++ ne prend pas en charge int par défaut
C:\Users\clare\source\repos\PacmanArtfx2023\PacmanArtfx2023\Enemy.h(11,8): error C2238: jetons inattendus avant ';'
C:\Users\clare\source\repos\PacmanArtfx2023\PacmanArtfx2023\Enemy.h(25,19): error C2061: erreur de syntaxe : identificateur 'Map'
  Map.cpp
C:\Users\clare\source\repos\PacmanArtfx2023\PacmanArtfx2023\Player.h(10,5): error C2143: erreur de syntaxe : absence de ';' avant '*'
C:\Users\clare\source\repos\PacmanArtfx2023\PacmanArtfx2023\Player.h(10,5): error C4430: spécificateur de type manquant - int est pris en compte par défaut. Remarque : C++ ne prend pas en charge int par défaut
C:\Users\clare\source\repos\PacmanArtfx2023\PacmanArtfx2023\Player.h(10,8): error C2238: jetons inattendus avant ';'
C:\Users\clare\source\repos\PacmanArtfx2023\PacmanArtfx2023\Player.h(16,14): error C2065: 'Enemy' : identificateur non déclaré
C:\Users\clare\source\repos\PacmanArtfx2023\PacmanArtfx2023\Player.h(16,7): error C2923: 'std::vector' : 'Enemy' n'est pas un argument de type modèle valide pour le paramètre '_Ty'
C:\Users\clare\source\repos\PacmanArtfx2023\PacmanArtfx2023\Player.h(16): message : voir la déclaration de 'Enemy'
C:\Users\clare\source\repos\PacmanArtfx2023\PacmanArtfx2023\Player.h(16,7): error C2976: 'std::vector' : nombre d'arguments modèle insuffisant
C:\Program Files (x86)\Microsoft Visual Studio\2019\Community\VC\Tools\MSVC\14.29.30133\include\Vector(443): message : voir la déclaration de 'std::vector'
C:\Users\clare\source\repos\PacmanArtfx2023\PacmanArtfx2023\Player.h(16,21): error C2955: 'std::vector' : l'utilisation de classe modèle requiert une liste d'arguments modèle
C:\Program Files (x86)\Microsoft Visual Studio\2019\Community\VC\Tools\MSVC\14.29.30133\include\Vector(443): message : voir la déclaration de 'std::vector'
C:\Users\clare\source\repos\PacmanArtfx2023\PacmanArtfx2023\Player.h(21,9): error C2061: erreur de syntaxe : identificateur 'Map'
C:\Users\clare\source\repos\PacmanArtfx2023\PacmanArtfx2023\Player.h(28,30): error C2065: 'Enemy' : identificateur non déclaré
C:\Users\clare\source\repos\PacmanArtfx2023\PacmanArtfx2023\Player.h(28,36): error C2059: erreur de syntaxe : '>'
C:\Users\clare\source\repos\PacmanArtfx2023\PacmanArtfx2023\Enemy.h(11,5): error C2143: erreur de syntaxe : absence de ';' avant '*'
C:\Users\clare\source\repos\PacmanArtfx2023\PacmanArtfx2023\Enemy.h(11,5): error C4430: spécificateur de type manquant - int est pris en compte par défaut. Remarque : C++ ne prend pas en charge int par défaut
C:\Users\clare\source\repos\PacmanArtfx2023\PacmanArtfx2023\Enemy.h(11,8): error C2238: jetons inattendus avant ';'
C:\Users\clare\source\repos\PacmanArtfx2023\PacmanArtfx2023\Enemy.h(25,19): error C2061: erreur de syntaxe : identificateur 'Map'
C:\Users\clare\source\repos\PacmanArtfx2023\PacmanArtfx2023\Map.cpp(38,23): warning C4018: '<' : incompatibilité signed/unsigned
C:\Users\clare\source\repos\PacmanArtfx2023\PacmanArtfx2023\Map.cpp(39,49): warning C4244: 'argument' : conversion de 'float' en 'int', perte possible de données
C:\Users\clare\source\repos\PacmanArtfx2023\PacmanArtfx2023\Map.cpp(39,34): warning C4244: 'argument' : conversion de 'float' en 'int', perte possible de données
C:\Users\clare\source\repos\PacmanArtfx2023\PacmanArtfx2023\Map.cpp(41,23): warning C4018: '<' : incompatibilité signed/unsigned
C:\Users\clare\source\repos\PacmanArtfx2023\PacmanArtfx2023\Map.cpp(43,51): warning C4244: 'argument' : conversion de 'float' en 'int', perte possible de données
C:\Users\clare\source\repos\PacmanArtfx2023\PacmanArtfx2023\Map.cpp(43,37): warning C4244: 'argument' : conversion de 'float' en 'int', perte possible de données
C:\Users\clare\source\repos\PacmanArtfx2023\PacmanArtfx2023\Map.cpp(47,51): warning C4244: 'argument' : conversion de 'float' en 'int', perte possible de données
C:\Users\clare\source\repos\PacmanArtfx2023\PacmanArtfx2023\Map.cpp(47,37): warning C4244: 'argument' : conversion de 'float' en 'int', perte possible de données
C:\Users\clare\source\repos\PacmanArtfx2023\PacmanArtfx2023\Map.cpp(50,23): warning C4018: '<' : incompatibilité signed/unsigned
C:\Users\clare\source\repos\PacmanArtfx2023\PacmanArtfx2023\Map.cpp(52,53): warning C4244: 'argument' : conversion de 'float' en 'int', perte possible de données
C:\Users\clare\source\repos\PacmanArtfx2023\PacmanArtfx2023\Map.cpp(52,38): warning C4244: 'argument' : conversion de 'float' en 'int', perte possible de données
C:\Users\clare\source\repos\PacmanArtfx2023\PacmanArtfx2023\Map.cpp(56,53): warning C4244: 'argument' : conversion de 'float' en 'int', perte possible de données
C:\Users\clare\source\repos\PacmanArtfx2023\PacmanArtfx2023\Map.cpp(56,38): warning C4244: 'argument' : conversion de 'float' en 'int', perte possible de données
  Pickables.cpp
  Player.cpp
C:\Users\clare\source\repos\PacmanArtfx2023\PacmanArtfx2023\Enemy.h(11,5): error C2143: erreur de syntaxe : absence de ';' avant '*'
C:\Users\clare\source\repos\PacmanArtfx2023\PacmanArtfx2023\Enemy.h(11,5): error C4430: spécificateur de type manquant - int est pris en compte par défaut. Remarque : C++ ne prend pas en charge int par défaut
C:\Users\clare\source\repos\PacmanArtfx2023\PacmanArtfx2023\Enemy.h(11,8): error C2238: jetons inattendus avant ';'
C:\Users\clare\source\repos\PacmanArtfx2023\PacmanArtfx2023\Enemy.h(25,19): error C2061: erreur de syntaxe : identificateur 'Map'
C:\Users\clare\source\repos\PacmanArtfx2023\PacmanArtfx2023\Enemy.h(29,17): error C2061: erreur de syntaxe : identificateur 'Player'
C:\Users\clare\source\repos\PacmanArtfx2023\PacmanArtfx2023\Player.cpp(11,17): warning C4244: 'initialisation' : conversion de 'int' en 'float', perte possible de données
C:\Users\clare\source\repos\PacmanArtfx2023\PacmanArtfx2023\Player.cpp(13,20): warning C4018: '<' : incompatibilité signed/unsigned
C:\Users\clare\source\repos\PacmanArtfx2023\PacmanArtfx2023\Player.cpp(25,20): warning C4018: '<' : incompatibilité signed/unsigned
C:\Users\clare\source\repos\PacmanArtfx2023\PacmanArtfx2023\Player.cpp(39,20): warning C4018: '<' : incompatibilité signed/unsigned
C:\Users\clare\source\repos\PacmanArtfx2023\PacmanArtfx2023\Player.cpp(46,23): warning C4018: '<' : incompatibilité signed/unsigned
C:\Users\clare\source\repos\PacmanArtfx2023\PacmanArtfx2023\Player.cpp(47,19): error C2819: le type 'Enemy' n'a pas d'opérateur 'operator ->' de membre surchargé
C:\Users\clare\source\repos\PacmanArtfx2023\PacmanArtfx2023\Enemy.h(7): message : voir la déclaration de 'Enemy'
C:\Users\clare\source\repos\PacmanArtfx2023\PacmanArtfx2023\Player.cpp(47,19): message : voulez-vous utiliser '.' à la place ?
C:\Users\clare\source\repos\PacmanArtfx2023\PacmanArtfx2023\Player.cpp(47,36): error C2232: '->Enemy::setIsVulnerable' : opérande gauche avec type 'class', utilisez '.'
C:\Users\clare\source\repos\PacmanArtfx2023\PacmanArtfx2023\Player.cpp(54,20): warning C4018: '<' : incompatibilité signed/unsigned
C:\Users\clare\source\repos\PacmanArtfx2023\PacmanArtfx2023\Player.cpp(55,31): error C2819: le type 'Enemy' n'a pas d'opérateur 'operator ->' de membre surchargé
C:\Users\clare\source\repos\PacmanArtfx2023\PacmanArtfx2023\Enemy.h(7): message : voir la déclaration de 'Enemy'
C:\Users\clare\source\repos\PacmanArtfx2023\PacmanArtfx2023\Player.cpp(55,31): message : voulez-vous utiliser '.' à la place ?
C:\Users\clare\source\repos\PacmanArtfx2023\PacmanArtfx2023\Player.cpp(55,39): error C2232: '->Actor::getPos' : opérande gauche avec type 'class', utilisez '.'
C:\Users\clare\source\repos\PacmanArtfx2023\PacmanArtfx2023\Player.cpp(57,39): error C2440: 'initialisation' : impossible de convertir de '_Ty' en 'Enemy *'
          with
          [
              _Ty=Enemy
          ]
C:\Users\clare\source\repos\PacmanArtfx2023\PacmanArtfx2023\Player.cpp(57,24): message : Aucun opérateur de conversion définie par l'utilisateur disponible qui puisse effectuer cette conversion, ou l'opérateur ne peut pas être appelé
C:\Users\clare\source\repos\PacmanArtfx2023\PacmanArtfx2023\Player.cpp(97,20): warning C4018: '<' : incompatibilité signed/unsigned
C:\Users\clare\source\repos\PacmanArtfx2023\PacmanArtfx2023\Player.cpp(98,29): error C2664: 'void std::vector<Enemy,std::allocator<Enemy>>::push_back(const _Ty &)' : impossible de convertir l'argument 1 de '_Ty' en 'const _Ty &'
          with
          [
              _Ty=Enemy
          ]
C:\Users\clare\source\repos\PacmanArtfx2023\PacmanArtfx2023\Player.cpp(98,29): message : Raison : impossible de convertir de '_Ty' en 'const _Ty'
          with
          [
              _Ty=Enemy *
          ]
          and
          [
              _Ty=Enemy
          ]
C:\Users\clare\source\repos\PacmanArtfx2023\PacmanArtfx2023\Player.cpp(98,29): message : Aucun constructeur n'a pu prendre le type de source, ou la résolution de la surcharge du constructeur était ambiguë
C:\Program Files (x86)\Microsoft Visual Studio\2019\Community\VC\Tools\MSVC\14.29.30133\include\Vector(755,33): message : voir la déclaration de 'std::vector<Enemy,std::allocator<Enemy>>::push_back'
  Génération de code en cours...
